Removed Pin From Net: NetName=NetIC1_10 Pin=U10-18
Removed Pin From Net: NetName=NetIC1_9 Pin=U10-19
Removed Pin From Net: NetName=NetIC2_11 Pin=U10-26
Removed Pin From Net: NetName=NetIC2_12 Pin=U10-27
Removed Pin From Net: NetName=NetIC2_10 Pin=U10-28
Removed Pin From Net: NetName=NetIC2_9 Pin=U10-29
Added Component: Designator=IC?(SOIC127P600X175-16N)
Add component (AddParameter): Name = "Arrow Part Number"; Value = ""; VariantName = "[No Variations]"
Add component (AddParameter): Name = "Arrow Price/Stock"; Value = ""; VariantName = "[No Variations]"
Add component (AddParameter): Name = "Datasheet Link"; Value = "https://datasheets.maximintegrated.com/en/ds/MAX3222-MAX3241.pdf"; VariantName = "[No Variations]"
Add component (AddParameter): Name = "Height"; Value = "1.75mm"; VariantName = "[No Variations]"
Add component (AddParameter): Name = "Manufacturer_Name"; Value = "Analog Devices"; VariantName = "[No Variations]"
Add component (AddParameter): Name = "Manufacturer_Part_Number"; Value = "MAX3232ESE"; VariantName = "[No Variations]"
Add component (AddParameter): Name = "Mouser Part Number"; Value = "N/A"; VariantName = "[No Variations]"
Add component (AddParameter): Name = "Mouser Price/Stock"; Value = "https://www.mouser.co.uk/ProductDetail/Maxim-Integrated/MAX3232ESE?qs=ZENAYvsrzLoznpazQOaG5Q%3D%3D"; VariantName = "[No Variations]"
Added Pin To Net: NetName=NetIC1_10 Pin=U10-26
Added Pin To Net: NetName=NetIC1_9 Pin=U10-27
Added Pin To Net: NetName=NetIC2_11 Pin=U10-38
Added Pin To Net: NetName=NetIC2_12 Pin=U10-39
Added Pin To Net: NetName=NetIC2_10 Pin=U10-48
Added Pin To Net: NetName=NetIC2_9 Pin=U10-52
Added Member To Class: ClassName=FT4232 Member=Component IC? MAX3232ESE
