Change Component Designator: OldDesignator=D? NewDesignator=D1
Change Component Designator: OldDesignator=D? NewDesignator=D2
Change Component Designator: OldDesignator=FB? NewDesignator=FB3
Change Component Designator: OldDesignator=R? NewDesignator=R4
Change Component Designator: OldDesignator=R? NewDesignator=R5
Added Pin To Net: NetName=+3.3V Pin=C8-1
Added Pin To Net: NetName=GND Pin=C8-2
Added Pin To Net: NetName=+3.3V Pin=C9-1
Added Pin To Net: NetName=GND Pin=C9-2
Added Pin To Net: NetName=+3.3V Pin=C10-1
Added Pin To Net: NetName=GND Pin=C10-2
Added Pin To Net: NetName=+3.3V Pin=C11-1
Added Pin To Net: NetName=GND Pin=C11-2
Change Net Name : Old Net Name=NetD?_2 New Net Name=NetD1_2
Change Net Name : Old Net Name=NetD?_2 New Net Name=NetD2_2
Change Net Name : Old Net Name=NetFB?_1 New Net Name=NetFB3_1
Change Net Name : Old Net Name=NetR?_2 New Net Name=NetR4_2
Change Net Name : Old Net Name=NetR?_2 New Net Name=NetR5_2
Added Member To Class: ClassName=FT4232 Member=Component D2 PGB1010603
Added Member To Class: ClassName=FT4232 Member=Component R5 10R
