Added Component: Designator=C1(1608_[0603] Capacitor)
Add component (AddParameter): Name = "Contributor"; Value = "LCEDA_Lib"; VariantName = "[No Variations]"
Add component (AddParameter): Name = "Manufacturer Part"; Value = ""; VariantName = "[No Variations]"
Add component (AddParameter): Name = "nameAlias"; Value = "Value(F)"; VariantName = "[No Variations]"
Add component (AddParameter): Name = "spicePre"; Value = "C"; VariantName = "[No Variations]"
Add component (AddParameter): Name = "spiceSymbolName"; Value = "C_0603_US"; VariantName = "[No Variations]"
Add component (AddParameter): Name = "Supplier"; Value = ""; VariantName = "[No Variations]"
Add component (AddParameter): Name = "Supplier Part"; Value = ""; VariantName = "[No Variations]"
Added Component: Designator=C2(1608_[0603] Capacitor)
Add component (AddParameter): Name = "Contributor"; Value = "LCEDA_Lib"; VariantName = "[No Variations]"
Add component (AddParameter): Name = "Manufacturer Part"; Value = ""; VariantName = "[No Variations]"
Add component (AddParameter): Name = "nameAlias"; Value = "Value(F)"; VariantName = "[No Variations]"
Add component (AddParameter): Name = "spicePre"; Value = "C"; VariantName = "[No Variations]"
Add component (AddParameter): Name = "spiceSymbolName"; Value = "C_0603_US"; VariantName = "[No Variations]"
Add component (AddParameter): Name = "Supplier"; Value = ""; VariantName = "[No Variations]"
Add component (AddParameter): Name = "Supplier Part"; Value = ""; VariantName = "[No Variations]"
Added Component: Designator=C3(1608_[0603] Capacitor)
Add component (AddParameter): Name = "Contributor"; Value = "LCEDA_Lib"; VariantName = "[No Variations]"
Add component (AddParameter): Name = "Manufacturer Part"; Value = ""; VariantName = "[No Variations]"
Add component (AddParameter): Name = "nameAlias"; Value = "Value(F)"; VariantName = "[No Variations]"
Add component (AddParameter): Name = "spicePre"; Value = "C"; VariantName = "[No Variations]"
Add component (AddParameter): Name = "spiceSymbolName"; Value = "C_0603_US"; VariantName = "[No Variations]"
Add component (AddParameter): Name = "Supplier"; Value = ""; VariantName = "[No Variations]"
Add component (AddParameter): Name = "Supplier Part"; Value = ""; VariantName = "[No Variations]"
Added Component: Designator=C4(1608_[0603] Capacitor)
Add component (AddParameter): Name = "Contributor"; Value = "LCEDA_Lib"; VariantName = "[No Variations]"
Add component (AddParameter): Name = "Manufacturer Part"; Value = ""; VariantName = "[No Variations]"
Add component (AddParameter): Name = "nameAlias"; Value = "Value(F)"; VariantName = "[No Variations]"
Add component (AddParameter): Name = "spicePre"; Value = "C"; VariantName = "[No Variations]"
Add component (AddParameter): Name = "spiceSymbolName"; Value = "C_0603_US"; VariantName = "[No Variations]"
Add component (AddParameter): Name = "Supplier"; Value = ""; VariantName = "[No Variations]"
Add component (AddParameter): Name = "Supplier Part"; Value = ""; VariantName = "[No Variations]"
Added Component: Designator=C5(1608_[0603] Capacitor)
Add component (AddParameter): Name = "Contributor"; Value = "LCEDA_Lib"; VariantName = "[No Variations]"
Add component (AddParameter): Name = "Manufacturer Part"; Value = ""; VariantName = "[No Variations]"
Add component (AddParameter): Name = "nameAlias"; Value = "Value(F)"; VariantName = "[No Variations]"
Add component (AddParameter): Name = "spicePre"; Value = "C"; VariantName = "[No Variations]"
Add component (AddParameter): Name = "spiceSymbolName"; Value = "C_0603_US"; VariantName = "[No Variations]"
Add component (AddParameter): Name = "Supplier"; Value = ""; VariantName = "[No Variations]"
Add component (AddParameter): Name = "Supplier Part"; Value = ""; VariantName = "[No Variations]"
Add Component: Footprint Not Found C0603
Add Component: Footprint Not Found C0603
Added Component: Designator=C8(1608_[0603] Capacitor)
Add component (AddParameter): Name = "Contributor"; Value = "LCEDA_Lib"; VariantName = "[No Variations]"
Add component (AddParameter): Name = "Manufacturer Part"; Value = ""; VariantName = "[No Variations]"
Add component (AddParameter): Name = "nameAlias"; Value = "Value(F)"; VariantName = "[No Variations]"
Add component (AddParameter): Name = "spicePre"; Value = "C"; VariantName = "[No Variations]"
Add component (AddParameter): Name = "spiceSymbolName"; Value = "C_0603_US"; VariantName = "[No Variations]"
Add component (AddParameter): Name = "Supplier"; Value = ""; VariantName = "[No Variations]"
Add component (AddParameter): Name = "Supplier Part"; Value = ""; VariantName = "[No Variations]"
Added Component: Designator=C9(1608_[0603] Capacitor)
Add component (AddParameter): Name = "Contributor"; Value = "LCEDA_Lib"; VariantName = "[No Variations]"
Add component (AddParameter): Name = "Manufacturer Part"; Value = ""; VariantName = "[No Variations]"
Add component (AddParameter): Name = "nameAlias"; Value = "Value(F)"; VariantName = "[No Variations]"
Add component (AddParameter): Name = "spicePre"; Value = "C"; VariantName = "[No Variations]"
Add component (AddParameter): Name = "spiceSymbolName"; Value = "C_0603_US"; VariantName = "[No Variations]"
Add component (AddParameter): Name = "Supplier"; Value = ""; VariantName = "[No Variations]"
Add component (AddParameter): Name = "Supplier Part"; Value = ""; VariantName = "[No Variations]"
Added Component: Designator=C10(1608_[0603] Capacitor)
Add component (AddParameter): Name = "Contributor"; Value = "LCEDA_Lib"; VariantName = "[No Variations]"
Add component (AddParameter): Name = "Manufacturer Part"; Value = ""; VariantName = "[No Variations]"
Add component (AddParameter): Name = "nameAlias"; Value = "Value(F)"; VariantName = "[No Variations]"
Add component (AddParameter): Name = "spicePre"; Value = "C"; VariantName = "[No Variations]"
Add component (AddParameter): Name = "spiceSymbolName"; Value = "C_0603_US"; VariantName = "[No Variations]"
Add component (AddParameter): Name = "Supplier"; Value = ""; VariantName = "[No Variations]"
Add component (AddParameter): Name = "Supplier Part"; Value = ""; VariantName = "[No Variations]"
Added Component: Designator=C11(1608_[0603] Capacitor)
Add component (AddParameter): Name = "Contributor"; Value = "LCEDA_Lib"; VariantName = "[No Variations]"
Add component (AddParameter): Name = "Manufacturer Part"; Value = ""; VariantName = "[No Variations]"
Add component (AddParameter): Name = "nameAlias"; Value = "Value(F)"; VariantName = "[No Variations]"
Add component (AddParameter): Name = "spicePre"; Value = "C"; VariantName = "[No Variations]"
Add component (AddParameter): Name = "spiceSymbolName"; Value = "C_0603_US"; VariantName = "[No Variations]"
Add component (AddParameter): Name = "Supplier"; Value = ""; VariantName = "[No Variations]"
Add component (AddParameter): Name = "Supplier Part"; Value = ""; VariantName = "[No Variations]"
Added Component: Designator=C12(1608_[0603] Capacitor)
Add component (AddParameter): Name = "Contributor"; Value = "LCEDA_Lib"; VariantName = "[No Variations]"
Add component (AddParameter): Name = "Manufacturer Part"; Value = ""; VariantName = "[No Variations]"
Add component (AddParameter): Name = "nameAlias"; Value = "Value(F)"; VariantName = "[No Variations]"
Add component (AddParameter): Name = "spicePre"; Value = "C"; VariantName = "[No Variations]"
Add component (AddParameter): Name = "spiceSymbolName"; Value = "C_0603_US"; VariantName = "[No Variations]"
Add component (AddParameter): Name = "Supplier"; Value = ""; VariantName = "[No Variations]"
Add component (AddParameter): Name = "Supplier Part"; Value = ""; VariantName = "[No Variations]"
Added Component: Designator=C13(1608_[0603] Capacitor)
Add component (AddParameter): Name = "Contributor"; Value = "LCEDA_Lib"; VariantName = "[No Variations]"
Add component (AddParameter): Name = "Manufacturer Part"; Value = ""; VariantName = "[No Variations]"
Add component (AddParameter): Name = "nameAlias"; Value = "Value(F)"; VariantName = "[No Variations]"
Add component (AddParameter): Name = "spicePre"; Value = "C"; VariantName = "[No Variations]"
Add component (AddParameter): Name = "spiceSymbolName"; Value = "C_0603_US"; VariantName = "[No Variations]"
Add component (AddParameter): Name = "Supplier"; Value = ""; VariantName = "[No Variations]"
Add component (AddParameter): Name = "Supplier Part"; Value = ""; VariantName = "[No Variations]"
Added Component: Designator=C14(1608_[0603] Capacitor)
Add component (AddParameter): Name = "Contributor"; Value = "LCEDA_Lib"; VariantName = "[No Variations]"
Add component (AddParameter): Name = "Manufacturer Part"; Value = ""; VariantName = "[No Variations]"
Add component (AddParameter): Name = "nameAlias"; Value = "Value(F)"; VariantName = "[No Variations]"
Add component (AddParameter): Name = "spicePre"; Value = "C"; VariantName = "[No Variations]"
Add component (AddParameter): Name = "spiceSymbolName"; Value = "C_0603_US"; VariantName = "[No Variations]"
Add component (AddParameter): Name = "Supplier"; Value = ""; VariantName = "[No Variations]"
Add component (AddParameter): Name = "Supplier Part"; Value = ""; VariantName = "[No Variations]"
Added Component: Designator=C15(1608_[0603] Capacitor)
Add component (AddParameter): Name = "Contributor"; Value = "LCEDA_Lib"; VariantName = "[No Variations]"
Add component (AddParameter): Name = "Manufacturer Part"; Value = ""; VariantName = "[No Variations]"
Add component (AddParameter): Name = "nameAlias"; Value = "Value(F)"; VariantName = "[No Variations]"
Add component (AddParameter): Name = "spicePre"; Value = "C"; VariantName = "[No Variations]"
Add component (AddParameter): Name = "spiceSymbolName"; Value = "C_0603_US"; VariantName = "[No Variations]"
Add component (AddParameter): Name = "Supplier"; Value = ""; VariantName = "[No Variations]"
Add component (AddParameter): Name = "Supplier Part"; Value = ""; VariantName = "[No Variations]"
Added Component: Designator=C16(1608_[0603] Capacitor)
Add component (AddParameter): Name = "Contributor"; Value = "LCEDA_Lib"; VariantName = "[No Variations]"
Add component (AddParameter): Name = "Manufacturer Part"; Value = ""; VariantName = "[No Variations]"
Add component (AddParameter): Name = "nameAlias"; Value = "Value(F)"; VariantName = "[No Variations]"
Add component (AddParameter): Name = "spicePre"; Value = "C"; VariantName = "[No Variations]"
Add component (AddParameter): Name = "spiceSymbolName"; Value = "C_0603_US"; VariantName = "[No Variations]"
Add component (AddParameter): Name = "Supplier"; Value = ""; VariantName = "[No Variations]"
Add component (AddParameter): Name = "Supplier Part"; Value = ""; VariantName = "[No Variations]"
Added Component: Designator=C17(1608_[0603] Capacitor Tantalum Case L)
Add component (AddParameter): Name = "PN"; Value = "F981E105MMA"; VariantName = "[No Variations]"
Add component (AddParameter): Name = "Revision"; Value = "July-2002: Re-released for DXP Platform."; VariantName = "[No Variations]"
Added Component: Designator=C18(1608_[0603] Capacitor Tantalum Case L)
Add component (AddParameter): Name = "PN"; Value = "F981E105MMA"; VariantName = "[No Variations]"
Add component (AddParameter): Name = "Revision"; Value = "July-2002: Re-released for DXP Platform."; VariantName = "[No Variations]"
Added Component: Designator=C19(1608_[0603] Capacitor Tantalum Case L)
Add component (AddParameter): Name = "PN"; Value = "F981E105MMA"; VariantName = "[No Variations]"
Add component (AddParameter): Name = "Revision"; Value = "July-2002: Re-released for DXP Platform."; VariantName = "[No Variations]"
Added Component: Designator=C20(1608_[0603] Capacitor Tantalum Case L)
Add component (AddParameter): Name = "PN"; Value = "F981E105MMA"; VariantName = "[No Variations]"
Add component (AddParameter): Name = "Revision"; Value = "July-2002: Re-released for DXP Platform."; VariantName = "[No Variations]"
Added Component: Designator=C21(1608_[0603] Capacitor Tantalum Case L)
Add component (AddParameter): Name = "PN"; Value = "F981E105MMA"; VariantName = "[No Variations]"
Add component (AddParameter): Name = "Revision"; Value = "July-2002: Re-released for DXP Platform."; VariantName = "[No Variations]"
Added Component: Designator=C22(1608_[0603] Capacitor Tantalum Case L)
Add component (AddParameter): Name = "PN"; Value = "F981E105MMA"; VariantName = "[No Variations]"
Add component (AddParameter): Name = "Revision"; Value = "July-2002: Re-released for DXP Platform."; VariantName = "[No Variations]"
Added Component: Designator=C23(1608_[0603] Capacitor Tantalum Case L)
Add component (AddParameter): Name = "PN"; Value = "F981E105MMA"; VariantName = "[No Variations]"
Add component (AddParameter): Name = "Revision"; Value = "July-2002: Re-released for DXP Platform."; VariantName = "[No Variations]"
Added Component: Designator=C24(1608_[0603] Capacitor Tantalum Case L)
Add component (AddParameter): Name = "PN"; Value = "F981E105MMA"; VariantName = "[No Variations]"
Add component (AddParameter): Name = "Revision"; Value = "July-2002: Re-released for DXP Platform."; VariantName = "[No Variations]"
Added Component: Designator=C25(1608_[0603] Capacitor Tantalum Case L)
Add component (AddParameter): Name = "PN"; Value = "F981E105MMA"; VariantName = "[No Variations]"
Add component (AddParameter): Name = "Revision"; Value = "July-2002: Re-released for DXP Platform."; VariantName = "[No Variations]"
Added Component: Designator=C26(1608_[0603] Capacitor Tantalum Case L)
Add component (AddParameter): Name = "PN"; Value = "F981E105MMA"; VariantName = "[No Variations]"
Add component (AddParameter): Name = "Revision"; Value = "July-2002: Re-released for DXP Platform."; VariantName = "[No Variations]"
Added Component: Designator=FB1(BLM18SP221SN1B)
Add component (AddParameter): Name = "Arrow Part Number"; Value = "BLM18AG601SN1D"; VariantName = "[No Variations]"
Add component (AddParameter): Name = "Arrow Price/Stock"; Value = "https://www.arrow.com/en/products/blm18ag601sn1d/murata-manufacturing?utm_currency=USD&region=europe"; VariantName = "[No Variations]"
Add component (AddParameter): Name = "Datasheet Link"; Value = "http://www.murata.com/~/media/webrenewal/support/library/catalog/products/emc/emifil/c31e.ashx?la=en-gb"; VariantName = "[No Variations]"
Add component (AddParameter): Name = "Height"; Value = "0.95mm"; VariantName = "[No Variations]"
Add component (AddParameter): Name = "Manufacturer_Name"; Value = "Murata Electronics"; VariantName = "[No Variations]"
Add component (AddParameter): Name = "Manufacturer_Part_Number"; Value = "BLM18AG601SN1D"; VariantName = "[No Variations]"
Add component (AddParameter): Name = "Mouser Part Number"; Value = "81-BLM11A601S"; VariantName = "[No Variations]"
Add component (AddParameter): Name = "Mouser Price/Stock"; Value = "https://www.mouser.co.uk/ProductDetail/Murata-Electronics/BLM18AG601SN1D?qs=eh6oC%2F9l24oGGaJFkAJJAA%3D%3D"; VariantName = "[No Variations]"
Added Component: Designator=FB2(BLM18SP221SN1B)
Add component (AddParameter): Name = "Arrow Part Number"; Value = "BLM18AG601SN1D"; VariantName = "[No Variations]"
Add component (AddParameter): Name = "Arrow Price/Stock"; Value = "https://www.arrow.com/en/products/blm18ag601sn1d/murata-manufacturing?utm_currency=USD&region=europe"; VariantName = "[No Variations]"
Add component (AddParameter): Name = "Datasheet Link"; Value = "http://www.murata.com/~/media/webrenewal/support/library/catalog/products/emc/emifil/c31e.ashx?la=en-gb"; VariantName = "[No Variations]"
Add component (AddParameter): Name = "Height"; Value = "0.95mm"; VariantName = "[No Variations]"
Add component (AddParameter): Name = "Manufacturer_Name"; Value = "Murata Electronics"; VariantName = "[No Variations]"
Add component (AddParameter): Name = "Manufacturer_Part_Number"; Value = "BLM18AG601SN1D"; VariantName = "[No Variations]"
Add component (AddParameter): Name = "Mouser Part Number"; Value = "81-BLM11A601S"; VariantName = "[No Variations]"
Add component (AddParameter): Name = "Mouser Price/Stock"; Value = "https://www.mouser.co.uk/ProductDetail/Murata-Electronics/BLM18AG601SN1D?qs=eh6oC%2F9l24oGGaJFkAJJAA%3D%3D"; VariantName = "[No Variations]"
Added Component: Designator=IC1(SOIC127P600X175-16N)
Add component (AddParameter): Name = "Arrow Part Number"; Value = "MAX232EESE+T"; VariantName = "[No Variations]"
Add component (AddParameter): Name = "Arrow Price/Stock"; Value = "https://www.arrow.com/en/products/max232eeset/analog-devices?region=nac"; VariantName = "[No Variations]"
Add component (AddParameter): Name = "Datasheet Link"; Value = "https://www.analog.com/MAX232E/datasheet"; VariantName = "[No Variations]"
Add component (AddParameter): Name = "Height"; Value = "1.75mm"; VariantName = "[No Variations]"
Add component (AddParameter): Name = "Manufacturer_Name"; Value = "Analog Devices"; VariantName = "[No Variations]"
Add component (AddParameter): Name = "Manufacturer_Part_Number"; Value = "MAX232EESE+T"; VariantName = "[No Variations]"
Add component (AddParameter): Name = "Mouser Part Number"; Value = "700-MAX232EESET"; VariantName = "[No Variations]"
Add component (AddParameter): Name = "Mouser Price/Stock"; Value = "https://www.mouser.co.uk/ProductDetail/Analog-Devices-Maxim-Integrated/MAX232EESE%2bT?qs=CDqwynd4ZNo03Ae2N7OgQA%3D%3D"; VariantName = "[No Variations]"
Added Component: Designator=IC2(SOIC127P600X175-16N)
Add component (AddParameter): Name = "Arrow Part Number"; Value = "MAX232EESE+T"; VariantName = "[No Variations]"
Add component (AddParameter): Name = "Arrow Price/Stock"; Value = "https://www.arrow.com/en/products/max232eeset/analog-devices?region=nac"; VariantName = "[No Variations]"
Add component (AddParameter): Name = "Datasheet Link"; Value = "https://www.analog.com/MAX232E/datasheet"; VariantName = "[No Variations]"
Add component (AddParameter): Name = "Height"; Value = "1.75mm"; VariantName = "[No Variations]"
Add component (AddParameter): Name = "Manufacturer_Name"; Value = "Analog Devices"; VariantName = "[No Variations]"
Add component (AddParameter): Name = "Manufacturer_Part_Number"; Value = "MAX232EESE+T"; VariantName = "[No Variations]"
Add component (AddParameter): Name = "Mouser Part Number"; Value = "700-MAX232EESET"; VariantName = "[No Variations]"
Add component (AddParameter): Name = "Mouser Price/Stock"; Value = "https://www.mouser.co.uk/ProductDetail/Analog-Devices-Maxim-Integrated/MAX232EESE%2bT?qs=CDqwynd4ZNo03Ae2N7OgQA%3D%3D"; VariantName = "[No Variations]"
Added Component: Designator=J1(HRO_TYPE-C-31-M-12)
Add component (AddParameter): Name = "Check_prices"; Value = "https://www.snapeda.com/parts/TYPE-C-31-M-12/HRO+Electronics+Co.%252C+Ltd./view-part/?ref=eda"; VariantName = "[No Variations]"
Add component (AddParameter): Name = "MF"; Value = "HRO Electronics Co., Ltd."; VariantName = "[No Variations]"
Add component (AddParameter): Name = "MP"; Value = "TYPE-C-31-M-12"; VariantName = "[No Variations]"
Add component (AddParameter): Name = "Package"; Value = "Package"; VariantName = "[No Variations]"
Add component (AddParameter): Name = "SnapEDA_Link"; Value = "https://www.snapeda.com/parts/TYPE-C-31-M-12/HRO+Electronics+Co.%252C+Ltd./view-part/?ref=snap"; VariantName = "[No Variations]"
Add component (AddParameter): Name = "Value"; Value = ""; VariantName = "[No Variations]"
Added Component: Designator=PS1(SOT230P700X180-4N)
Add component (AddParameter): Name = "Arrow Part Number"; Value = "ADP3338AKCZ-3.3RL7"; VariantName = "[No Variations]"
Add component (AddParameter): Name = "Arrow Price/Stock"; Value = "https://www.arrow.com/en/products/adp3338akcz-3.3rl7/analog-devices?region=nac"; VariantName = "[No Variations]"
Add component (AddParameter): Name = "Datasheet Link"; Value = "https://ms.componentsearchengine.com/Datasheets/2/ADP3338AKCZ-3.3RL7.pdf"; VariantName = "[No Variations]"
Add component (AddParameter): Name = "Height"; Value = "1.8mm"; VariantName = "[No Variations]"
Add component (AddParameter): Name = "Manufacturer_Name"; Value = "Analog Devices"; VariantName = "[No Variations]"
Add component (AddParameter): Name = "Manufacturer_Part_Number"; Value = "ADP3338AKCZ-3.3RL7"; VariantName = "[No Variations]"
Add component (AddParameter): Name = "Mouser Part Number"; Value = "584-ADP3338AKCZ3.3R7"; VariantName = "[No Variations]"
Add component (AddParameter): Name = "Mouser Price/Stock"; Value = "https://www.mouser.co.uk/ProductDetail/Analog-Devices/ADP3338AKCZ-3.3RL7?qs=WIvQP4zGanhWiNZFvSpqBQ%3D%3D"; VariantName = "[No Variations]"
Added Component: Designator=R1(1608_[0603] Resistor)
Add component (AddParameter): Name = "Contributor"; Value = "LCEDA_Lib"; VariantName = "[No Variations]"
Add component (AddParameter): Name = "Manufacturer Part"; Value = ""; VariantName = "[No Variations]"
Add component (AddParameter): Name = "nameAlias"; Value = "Value(O)"; VariantName = "[No Variations]"
Add component (AddParameter): Name = "spicePre"; Value = "R"; VariantName = "[No Variations]"
Add component (AddParameter): Name = "spiceSymbolName"; Value = "R_0603_EU"; VariantName = "[No Variations]"
Add component (AddParameter): Name = "Supplier"; Value = ""; VariantName = "[No Variations]"
Add component (AddParameter): Name = "Supplier Part"; Value = ""; VariantName = "[No Variations]"
Added Component: Designator=R2(1608_[0603] Resistor)
Add component (AddParameter): Name = "Contributor"; Value = "LCEDA_Lib"; VariantName = "[No Variations]"
Add component (AddParameter): Name = "Manufacturer Part"; Value = ""; VariantName = "[No Variations]"
Add component (AddParameter): Name = "nameAlias"; Value = "Value(O)"; VariantName = "[No Variations]"
Add component (AddParameter): Name = "spicePre"; Value = "R"; VariantName = "[No Variations]"
Add component (AddParameter): Name = "spiceSymbolName"; Value = "R_0603_EU"; VariantName = "[No Variations]"
Add component (AddParameter): Name = "Supplier"; Value = ""; VariantName = "[No Variations]"
Add component (AddParameter): Name = "Supplier Part"; Value = ""; VariantName = "[No Variations]"
Added Component: Designator=R3(1608_[0603] Resistor)
Add component (AddParameter): Name = "Contributor"; Value = "LCEDA_Lib"; VariantName = "[No Variations]"
Add component (AddParameter): Name = "Manufacturer Part"; Value = ""; VariantName = "[No Variations]"
Add component (AddParameter): Name = "nameAlias"; Value = "Value(O)"; VariantName = "[No Variations]"
Add component (AddParameter): Name = "spicePre"; Value = "R"; VariantName = "[No Variations]"
Add component (AddParameter): Name = "spiceSymbolName"; Value = "R_0603_EU"; VariantName = "[No Variations]"
Add component (AddParameter): Name = "Supplier"; Value = ""; VariantName = "[No Variations]"
Add component (AddParameter): Name = "Supplier Part"; Value = ""; VariantName = "[No Variations]"
Added Component: Designator=RS232_1(JST_B3B-XH-A(LF)(SN))
Add component (AddParameter): Name = "Manufacturer Part"; Value = ""; VariantName = "[No Variations]"
Add component (AddParameter): Name = "spicePre"; Value = "U"; VariantName = "[No Variations]"
Add component (AddParameter): Name = "spiceSymbolName"; Value = "JST-PH_3-PIN_HEADER"; VariantName = "[No Variations]"
Added Component: Designator=U7(JST_B3B-XH-A(LF)(SN))
Add component (AddParameter): Name = "Manufacturer Part"; Value = ""; VariantName = "[No Variations]"
Add component (AddParameter): Name = "spicePre"; Value = "U"; VariantName = "[No Variations]"
Add component (AddParameter): Name = "spiceSymbolName"; Value = "JST-PH_3-PIN_HEADER"; VariantName = "[No Variations]"
Added Component: Designator=U8(JST_B3B-XH-A(LF)(SN))
Add component (AddParameter): Name = "Manufacturer Part"; Value = ""; VariantName = "[No Variations]"
Add component (AddParameter): Name = "spicePre"; Value = "U"; VariantName = "[No Variations]"
Add component (AddParameter): Name = "spiceSymbolName"; Value = "JST-PH_3-PIN_HEADER"; VariantName = "[No Variations]"
Added Component: Designator=U9(JST_B3B-XH-A(LF)(SN))
Add component (AddParameter): Name = "Manufacturer Part"; Value = ""; VariantName = "[No Variations]"
Add component (AddParameter): Name = "spicePre"; Value = "U"; VariantName = "[No Variations]"
Add component (AddParameter): Name = "spiceSymbolName"; Value = "JST-PH_3-PIN_HEADER"; VariantName = "[No Variations]"
Added Component: Designator=U10(QFP50P1200X1200X160-64N)
Add component (AddParameter): Name = "Manufacturer Part"; Value = ""; VariantName = "[No Variations]"
Add component (AddParameter): Name = "spicePre"; Value = "U"; VariantName = "[No Variations]"
Add component (AddParameter): Name = "spiceSymbolName"; Value = "FT4232HL-Tray"; VariantName = "[No Variations]"
Add Component: Footprint Not Found CRYSTAL-SMD_L11.1-W4.8-LS12.3
Added Pin To Net: NetName=+1.8V Pin=C1-1
Added Pin To Net: NetName=+1.8V Pin=C3-1
Added Pin To Net: NetName=+1.8V Pin=C4-1
Added Pin To Net: NetName=+1.8V Pin=C5-1
Added Pin To Net: NetName=+1.8V Pin=FB1-1
Added Pin To Net: NetName=+1.8V Pin=FB2-1
Added Pin To Net: NetName=+1.8V Pin=U10-12
Added Pin To Net: NetName=+1.8V Pin=U10-37
Added Pin To Net: NetName=+1.8V Pin=U10-49
Added Pin To Net: NetName=+1.8V Pin=U10-64
Added Net: Name=+1.8V
Added Pin To Net: NetName=+3.3V Pin=C2-1
Added Pin To Net: NetName=+3.3V Pin=C8-1
Added Pin To Net: NetName=+3.3V Pin=C9-1
Added Pin To Net: NetName=+3.3V Pin=C10-1
Added Pin To Net: NetName=+3.3V Pin=C11-1
Added Pin To Net: NetName=+3.3V Pin=C17-1
Added Pin To Net: NetName=+3.3V Pin=C18-2
Added Pin To Net: NetName=+3.3V Pin=C22-1
Added Pin To Net: NetName=+3.3V Pin=C23-2
Added Pin To Net: NetName=+3.3V Pin=PS1-4
Added Pin To Net: NetName=+3.3V Pin=R3-1
Added Pin To Net: NetName=+3.3V Pin=U10-20
Added Pin To Net: NetName=+3.3V Pin=U10-31
Added Pin To Net: NetName=+3.3V Pin=U10-42
Added Pin To Net: NetName=+3.3V Pin=U10-50
Added Pin To Net: NetName=+3.3V Pin=U10-56
Added Net: Name=+3.3V
Added Pin To Net: NetName=GND Pin=C1-2
Added Pin To Net: NetName=GND Pin=C2-2
Added Pin To Net: NetName=GND Pin=C3-2
Added Pin To Net: NetName=GND Pin=C4-2
Added Pin To Net: NetName=GND Pin=C5-2
Added Pin To Net: NetName=GND Pin=C8-2
Added Pin To Net: NetName=GND Pin=C9-2
Added Pin To Net: NetName=GND Pin=C10-2
Added Pin To Net: NetName=GND Pin=C11-2
Added Pin To Net: NetName=GND Pin=C12-2
Added Pin To Net: NetName=GND Pin=C13-2
Added Pin To Net: NetName=GND Pin=C14-2
Added Pin To Net: NetName=GND Pin=C15-2
Added Pin To Net: NetName=GND Pin=C16-2
Added Pin To Net: NetName=GND Pin=C17-2
Added Pin To Net: NetName=GND Pin=C21-1
Added Pin To Net: NetName=GND Pin=C22-2
Added Pin To Net: NetName=GND Pin=C26-1
Added Pin To Net: NetName=GND Pin=J1-A1_B12
Added Pin To Net: NetName=GND Pin=J1-B1_A12
Added Pin To Net: NetName=GND Pin=PS1-1
Added Pin To Net: NetName=GND Pin=R1-2
Added Pin To Net: NetName=GND Pin=R2-2
Added Pin To Net: NetName=GND Pin=U10-1
Added Pin To Net: NetName=GND Pin=U10-5
Added Pin To Net: NetName=GND Pin=U10-10
Added Pin To Net: NetName=GND Pin=U10-11
Added Pin To Net: NetName=GND Pin=U10-13
Added Pin To Net: NetName=GND Pin=U10-15
Added Pin To Net: NetName=GND Pin=U10-25
Added Pin To Net: NetName=GND Pin=U10-35
Added Pin To Net: NetName=GND Pin=U10-47
Added Pin To Net: NetName=GND Pin=U10-51
Added Net: Name=GND
Added Pin To Net: NetName=NetC6_1 Pin=U10-2
Added Net: Name=NetC6_1
Added Pin To Net: NetName=NetC7_1 Pin=U10-3
Added Net: Name=NetC7_1
Added Pin To Net: NetName=NetC12_1 Pin=C12-1
Added Pin To Net: NetName=NetC12_1 Pin=J1-A4_B9
Added Pin To Net: NetName=NetC12_1 Pin=J1-B4_A9
Added Pin To Net: NetName=NetC12_1 Pin=PS1-3
Added Net: Name=NetC12_1
Added Pin To Net: NetName=NetC13_1 Pin=C13-1
Added Pin To Net: NetName=NetC13_1 Pin=C16-1
Added Pin To Net: NetName=NetC13_1 Pin=FB1-2
Added Pin To Net: NetName=NetC13_1 Pin=U10-9
Added Net: Name=NetC13_1
Added Pin To Net: NetName=NetC14_1 Pin=C14-1
Added Pin To Net: NetName=NetC14_1 Pin=C15-1
Added Pin To Net: NetName=NetC14_1 Pin=FB2-2
Added Pin To Net: NetName=NetC14_1 Pin=U10-4
Added Net: Name=NetC14_1
Added Pin To Net: NetName=NetC18_1 Pin=C18-1
Added Pin To Net: NetName=NetC18_1 Pin=IC1-16
Added Net: Name=NetC18_1
Added Pin To Net: NetName=NetC19_1 Pin=C19-1
Added Pin To Net: NetName=NetC19_1 Pin=IC1-1
Added Net: Name=NetC19_1
Added Pin To Net: NetName=NetC19_2 Pin=C19-2
Added Pin To Net: NetName=NetC19_2 Pin=IC1-3
Added Net: Name=NetC19_2
Added Pin To Net: NetName=NetC20_1 Pin=C20-1
Added Pin To Net: NetName=NetC20_1 Pin=IC1-4
Added Net: Name=NetC20_1
Added Pin To Net: NetName=NetC20_2 Pin=C20-2
Added Pin To Net: NetName=NetC20_2 Pin=IC1-5
Added Net: Name=NetC20_2
Added Pin To Net: NetName=NetC21_2 Pin=C21-2
Added Pin To Net: NetName=NetC21_2 Pin=IC1-6
Added Net: Name=NetC21_2
Added Pin To Net: NetName=NetC23_1 Pin=C23-1
Added Pin To Net: NetName=NetC23_1 Pin=IC2-16
Added Net: Name=NetC23_1
Added Pin To Net: NetName=NetC24_1 Pin=C24-1
Added Pin To Net: NetName=NetC24_1 Pin=IC2-3
Added Net: Name=NetC24_1
Added Pin To Net: NetName=NetC24_2 Pin=C24-2
Added Pin To Net: NetName=NetC24_2 Pin=IC2-1
Added Net: Name=NetC24_2
Added Pin To Net: NetName=NetC25_1 Pin=C25-1
Added Pin To Net: NetName=NetC25_1 Pin=IC2-5
Added Net: Name=NetC25_1
Added Pin To Net: NetName=NetC25_2 Pin=C25-2
Added Pin To Net: NetName=NetC25_2 Pin=IC2-4
Added Net: Name=NetC25_2
Added Pin To Net: NetName=NetC26_2 Pin=C26-2
Added Pin To Net: NetName=NetC26_2 Pin=IC2-6
Added Net: Name=NetC26_2
Added Pin To Net: NetName=NetIC1_7 Pin=IC1-7
Added Net: Name=NetIC1_7
Added Pin To Net: NetName=NetIC1_8 Pin=IC1-8
Added Net: Name=NetIC1_8
Added Pin To Net: NetName=NetIC1_9 Pin=IC1-9
Added Pin To Net: NetName=NetIC1_9 Pin=U10-19
Added Net: Name=NetIC1_9
Added Pin To Net: NetName=NetIC1_10 Pin=IC1-10
Added Pin To Net: NetName=NetIC1_10 Pin=U10-18
Added Net: Name=NetIC1_10
Added Pin To Net: NetName=NetIC1_11 Pin=IC1-11
Added Pin To Net: NetName=NetIC1_11 Pin=U10-16
Added Net: Name=NetIC1_11
Added Pin To Net: NetName=NetIC1_12 Pin=IC1-12
Added Pin To Net: NetName=NetIC1_12 Pin=U10-17
Added Net: Name=NetIC1_12
Added Pin To Net: NetName=NetIC1_13 Pin=IC1-13
Added Net: Name=NetIC1_13
Added Pin To Net: NetName=NetIC1_14 Pin=IC1-14
Added Net: Name=NetIC1_14
Added Pin To Net: NetName=NetIC2_7 Pin=IC2-7
Added Net: Name=NetIC2_7
Added Pin To Net: NetName=NetIC2_8 Pin=IC2-8
Added Net: Name=NetIC2_8
Added Pin To Net: NetName=NetIC2_9 Pin=IC2-9
Added Pin To Net: NetName=NetIC2_9 Pin=U10-29
Added Net: Name=NetIC2_9
Added Pin To Net: NetName=NetIC2_10 Pin=IC2-10
Added Pin To Net: NetName=NetIC2_10 Pin=U10-28
Added Net: Name=NetIC2_10
Added Pin To Net: NetName=NetIC2_11 Pin=IC2-11
Added Pin To Net: NetName=NetIC2_11 Pin=U10-26
Added Net: Name=NetIC2_11
Added Pin To Net: NetName=NetIC2_12 Pin=IC2-12
Added Pin To Net: NetName=NetIC2_12 Pin=U10-27
Added Net: Name=NetIC2_12
Added Pin To Net: NetName=NetIC2_13 Pin=IC2-13
Added Net: Name=NetIC2_13
Added Pin To Net: NetName=NetIC2_14 Pin=IC2-14
Added Net: Name=NetIC2_14
Added Pin To Net: NetName=NetJ1_A6 Pin=J1-A6
Added Pin To Net: NetName=NetJ1_A6 Pin=J1-B6
Added Pin To Net: NetName=NetJ1_A6 Pin=U10-8
Added Net: Name=NetJ1_A6
Added Pin To Net: NetName=NetJ1_A7 Pin=J1-A7
Added Pin To Net: NetName=NetJ1_A7 Pin=J1-B7
Added Pin To Net: NetName=NetJ1_A7 Pin=U10-7
Added Net: Name=NetJ1_A7
Added Pin To Net: NetName=NetR1_1 Pin=R1-1
Added Pin To Net: NetName=NetR1_1 Pin=U10-14
Added Net: Name=NetR1_1
Added Pin To Net: NetName=NetR2_1 Pin=R2-1
Added Pin To Net: NetName=NetR2_1 Pin=R3-2
Added Pin To Net: NetName=NetR2_1 Pin=U10-6
Added Net: Name=NetR2_1
Added Class: Name=FT4232
Added Room: Name=FT4232
