Removed Pin From Net: NetName=NetC12_1 Pin=J1-A4_B9
Removed Pin From Net: NetName=NetC12_1 Pin=J1-B4_A9
Added Component: Designator=D1(PGB1010603NRHF)
Add component (AddParameter): Name = "Arrow Part Number"; Value = ""; VariantName = "[No Variations]"
Add component (AddParameter): Name = "Arrow Price/Stock"; Value = ""; VariantName = "[No Variations]"
Add component (AddParameter): Name = "Datasheet Link"; Value = "https://www.littelfuse.com/data/en/data_sheets/littelfuse_pulseguard-esd_pgb1.pdf"; VariantName = "[No Variations]"
Add component (AddParameter): Name = "Height"; Value = "0.36mm"; VariantName = "[No Variations]"
Add component (AddParameter): Name = "Manufacturer_Name"; Value = "LITTELFUSE"; VariantName = "[No Variations]"
Add component (AddParameter): Name = "Manufacturer_Part_Number"; Value = "PGB1010603"; VariantName = "[No Variations]"
Add component (AddParameter): Name = "Mouser Part Number"; Value = "N/A"; VariantName = "[No Variations]"
Add component (AddParameter): Name = "Mouser Price/Stock"; Value = "https://www.mouser.co.uk/ProductDetail/Littelfuse/PGB1010603?qs=gybxhQrZOyG2aLlFMGOYoA%3D%3D"; VariantName = "[No Variations]"
Added Component: Designator=D2(PGB1010603NRHF)
Add component (AddParameter): Name = "Arrow Part Number"; Value = ""; VariantName = "[No Variations]"
Add component (AddParameter): Name = "Arrow Price/Stock"; Value = ""; VariantName = "[No Variations]"
Add component (AddParameter): Name = "Datasheet Link"; Value = "https://www.littelfuse.com/data/en/data_sheets/littelfuse_pulseguard-esd_pgb1.pdf"; VariantName = "[No Variations]"
Add component (AddParameter): Name = "Height"; Value = "0.36mm"; VariantName = "[No Variations]"
Add component (AddParameter): Name = "Manufacturer_Name"; Value = "LITTELFUSE"; VariantName = "[No Variations]"
Add component (AddParameter): Name = "Manufacturer_Part_Number"; Value = "PGB1010603"; VariantName = "[No Variations]"
Add component (AddParameter): Name = "Mouser Part Number"; Value = "N/A"; VariantName = "[No Variations]"
Add component (AddParameter): Name = "Mouser Price/Stock"; Value = "https://www.mouser.co.uk/ProductDetail/Littelfuse/PGB1010603?qs=gybxhQrZOyG2aLlFMGOYoA%3D%3D"; VariantName = "[No Variations]"
Added Component: Designator=FB3(BLM18SP221SN1B)
Add component (AddParameter): Name = "Arrow Part Number"; Value = "BLM18AG601SN1D"; VariantName = "[No Variations]"
Add component (AddParameter): Name = "Arrow Price/Stock"; Value = "https://www.arrow.com/en/products/blm18ag601sn1d/murata-manufacturing?utm_currency=USD&region=europe"; VariantName = "[No Variations]"
Add component (AddParameter): Name = "Datasheet Link"; Value = "http://www.murata.com/~/media/webrenewal/support/library/catalog/products/emc/emifil/c31e.ashx?la=en-gb"; VariantName = "[No Variations]"
Add component (AddParameter): Name = "Height"; Value = "0.95mm"; VariantName = "[No Variations]"
Add component (AddParameter): Name = "Manufacturer_Name"; Value = "Murata Electronics"; VariantName = "[No Variations]"
Add component (AddParameter): Name = "Manufacturer_Part_Number"; Value = "BLM18AG601SN1D"; VariantName = "[No Variations]"
Add component (AddParameter): Name = "Mouser Part Number"; Value = "81-BLM11A601S"; VariantName = "[No Variations]"
Add component (AddParameter): Name = "Mouser Price/Stock"; Value = "https://www.mouser.co.uk/ProductDetail/Murata-Electronics/BLM18AG601SN1D?qs=eh6oC%2F9l24oGGaJFkAJJAA%3D%3D"; VariantName = "[No Variations]"
Added Component: Designator=R4(1608_[0603] Resistor)
Add component (AddParameter): Name = "Contributor"; Value = "LCEDA_Lib"; VariantName = "[No Variations]"
Add component (AddParameter): Name = "Manufacturer Part"; Value = ""; VariantName = "[No Variations]"
Add component (AddParameter): Name = "nameAlias"; Value = "Value(O)"; VariantName = "[No Variations]"
Add component (AddParameter): Name = "spicePre"; Value = "R"; VariantName = "[No Variations]"
Add component (AddParameter): Name = "spiceSymbolName"; Value = "R_0603_EU"; VariantName = "[No Variations]"
Add component (AddParameter): Name = "Supplier"; Value = ""; VariantName = "[No Variations]"
Add component (AddParameter): Name = "Supplier Part"; Value = ""; VariantName = "[No Variations]"
Added Component: Designator=R5(1608_[0603] Resistor)
Add component (AddParameter): Name = "Contributor"; Value = "LCEDA_Lib"; VariantName = "[No Variations]"
Add component (AddParameter): Name = "Manufacturer Part"; Value = ""; VariantName = "[No Variations]"
Add component (AddParameter): Name = "nameAlias"; Value = "Value(O)"; VariantName = "[No Variations]"
Add component (AddParameter): Name = "spicePre"; Value = "R"; VariantName = "[No Variations]"
Add component (AddParameter): Name = "spiceSymbolName"; Value = "R_0603_EU"; VariantName = "[No Variations]"
Add component (AddParameter): Name = "Supplier"; Value = ""; VariantName = "[No Variations]"
Add component (AddParameter): Name = "Supplier Part"; Value = ""; VariantName = "[No Variations]"
Added Pin To Net: NetName=GND Pin=D1-1
Added Pin To Net: NetName=GND Pin=D2-1
Added Pin To Net: NetName=NetC12_1 Pin=FB3-2
Added Pin To Net: NetName=GND Pin=IC2-15
Added Pin To Net: NetName=NetD1_2 Pin=D1-2
Added Pin To Net: NetName=NetD1_2 Pin=J1-A7
Added Pin To Net: NetName=NetD1_2 Pin=J1-B7
Added Pin To Net: NetName=NetD1_2 Pin=R4-1
Added Net: Name=NetD1_2
Added Pin To Net: NetName=NetD2_2 Pin=D2-2
Added Pin To Net: NetName=NetD2_2 Pin=J1-A6
Added Pin To Net: NetName=NetD2_2 Pin=J1-B6
Added Pin To Net: NetName=NetD2_2 Pin=R5-1
Added Net: Name=NetD2_2
Added Pin To Net: NetName=NetFB3_1 Pin=FB3-1
Added Pin To Net: NetName=NetFB3_1 Pin=J1-A4_B9
Added Pin To Net: NetName=NetFB3_1 Pin=J1-B4_A9
Added Net: Name=NetFB3_1
Added Pin To Net: NetName=NetR4_2 Pin=R4-2
Added Pin To Net: NetName=NetR4_2 Pin=U10-7
Added Net: Name=NetR4_2
Added Pin To Net: NetName=NetR5_2 Pin=R5-2
Added Pin To Net: NetName=NetR5_2 Pin=U10-8
Added Net: Name=NetR5_2
Added Member To Class: ClassName=FT4232 Member=Component D1 PGB1010603
Added Member To Class: ClassName=FT4232 Member=Component D2 PGB1010603
Added Member To Class: ClassName=FT4232 Member=Component FB3 BLM18AG601SN1D
Added Member To Class: ClassName=FT4232 Member=Component R4 10R
Added Member To Class: ClassName=FT4232 Member=Component R5 10R
