Removed Pin From Net: NetName=+3.3V Pin=C17-1
Removed Pin From Net: NetName=+3.3V Pin=C18-2
Removed Pin From Net: NetName=+3.3V Pin=C22-1
Removed Pin From Net: NetName=+3.3V Pin=C23-2
Added Component: Designator=C?(1608_[0603] Capacitor)
Add component (AddParameter): Name = "PN"; Value = "F981E105MMA"; VariantName = "[No Variations]"
Add component (AddParameter): Name = "Revision"; Value = "July-2002: Re-released for DXP Platform."; VariantName = "[No Variations]"
Added Component: Designator=IC?(SOIC127P600X175-16N)
Add component (AddParameter): Name = "Arrow Part Number"; Value = ""; VariantName = "[No Variations]"
Add component (AddParameter): Name = "Arrow Price/Stock"; Value = ""; VariantName = "[No Variations]"
Add component (AddParameter): Name = "Datasheet Link"; Value = "https://datasheets.maximintegrated.com/en/ds/MAX3222-MAX3241.pdf"; VariantName = "[No Variations]"
Add component (AddParameter): Name = "Height"; Value = "1.75mm"; VariantName = "[No Variations]"
Add component (AddParameter): Name = "Manufacturer_Name"; Value = "Analog Devices"; VariantName = "[No Variations]"
Add component (AddParameter): Name = "Manufacturer_Part_Number"; Value = "MAX3232ESE"; VariantName = "[No Variations]"
Add component (AddParameter): Name = "Mouser Part Number"; Value = "N/A"; VariantName = "[No Variations]"
Add component (AddParameter): Name = "Mouser Price/Stock"; Value = "https://www.mouser.co.uk/ProductDetail/Maxim-Integrated/MAX3232ESE?qs=ZENAYvsrzLoznpazQOaG5Q%3D%3D"; VariantName = "[No Variations]"
Added Pin To Net: NetName=NetC12_1 Pin=C17-1
Added Pin To Net: NetName=NetC12_1 Pin=C18-2
Added Pin To Net: NetName=NetC12_1 Pin=C22-1
Added Pin To Net: NetName=NetC12_1 Pin=C23-2
Added Pin To Net: NetName=NetC12_1 Pin=C?-2
Added Pin To Net: NetName=NetC12_1 Pin=IC2-2
Change Net Name : Old Net Name=NetC12_1 New Net Name=+5V
Added Pin To Net: NetName=NetC?_1 Pin=C?-1
Added Pin To Net: NetName=NetC?_1 Pin=IC1-2
Added Net: Name=NetC?_1
Added Member To Class: ClassName=FT4232 Member=Component C? 1uF/25V
Added Member To Class: ClassName=FT4232 Member=Component IC? MAX3232ESE
