Removed Pin From Net: NetName=NetC6_1 Pin=U10-2
Removed Pin From Net: NetName=NetC7_1 Pin=U10-3
Added Component: Designator=C6(1608_[0603] Capacitor)
Add component (AddParameter): Name = "Contributor"; Value = "LCEDA_Lib"; VariantName = "[No Variations]"
Add component (AddParameter): Name = "Manufacturer Part"; Value = ""; VariantName = "[No Variations]"
Add component (AddParameter): Name = "nameAlias"; Value = "Value(F)"; VariantName = "[No Variations]"
Add component (AddParameter): Name = "spicePre"; Value = "C"; VariantName = "[No Variations]"
Add component (AddParameter): Name = "spiceSymbolName"; Value = "C_0603_US"; VariantName = "[No Variations]"
Add component (AddParameter): Name = "Supplier"; Value = ""; VariantName = "[No Variations]"
Add component (AddParameter): Name = "Supplier Part"; Value = ""; VariantName = "[No Variations]"
Added Component: Designator=C7(1608_[0603] Capacitor)
Add component (AddParameter): Name = "Contributor"; Value = "LCEDA_Lib"; VariantName = "[No Variations]"
Add component (AddParameter): Name = "Manufacturer Part"; Value = ""; VariantName = "[No Variations]"
Add component (AddParameter): Name = "nameAlias"; Value = "Value(F)"; VariantName = "[No Variations]"
Add component (AddParameter): Name = "spicePre"; Value = "C"; VariantName = "[No Variations]"
Add component (AddParameter): Name = "spiceSymbolName"; Value = "C_0603_US"; VariantName = "[No Variations]"
Add component (AddParameter): Name = "Supplier"; Value = ""; VariantName = "[No Variations]"
Add component (AddParameter): Name = "Supplier Part"; Value = ""; VariantName = "[No Variations]"
Added Component: Designator=X1(XTAL_ABLS-3.6864MHZ-K4T)
Add component (AddParameter): Name = "Contributor"; Value = "LCSC"; VariantName = "[No Variations]"
Add component (AddParameter): Name = "JLCPCB Part Class"; Value = "Extended Part"; VariantName = "[No Variations]"
Add component (AddParameter): Name = "Manufacturer"; Value = "CTS(???)"; VariantName = "[No Variations]"
Add component (AddParameter): Name = "Manufacturer Part"; Value = "ATS240CSM-1E"; VariantName = "[No Variations]"
Add component (AddParameter): Name = "nameAlias"; Value = "Value"; VariantName = "[No Variations]"
Add component (AddParameter): Name = "spicePre"; Value = "X"; VariantName = "[No Variations]"
Add component (AddParameter): Name = "spiceSymbolName"; Value = "ATS240CSM-1E"; VariantName = "[No Variations]"
Add component (AddParameter): Name = "Supplier"; Value = "LCSC"; VariantName = "[No Variations]"
Add component (AddParameter): Name = "Supplier Part"; Value = "C1985692"; VariantName = "[No Variations]"
Added Pin To Net: NetName=NetC6_1 Pin=C6-1
Added Pin To Net: NetName=GND Pin=C6-2
Added Pin To Net: NetName=NetC7_1 Pin=C7-1
Added Pin To Net: NetName=GND Pin=C7-2
Add Pin To Net: Unknown Pin: Pin RS232_1-P1
Add Pin To Net: Unknown Pin: Pin RS232_1-P2
Add Pin To Net: Unknown Pin: Pin RS232_1-P3
Add Pin To Net: Unknown Pin: Pin U7-P1
Add Pin To Net: Unknown Pin: Pin U7-P2
Add Pin To Net: Unknown Pin: Pin U7-P3
Add Pin To Net: Unknown Pin: Pin U8-P1
Add Pin To Net: Unknown Pin: Pin U8-P2
Add Pin To Net: Unknown Pin: Pin U8-P3
Add Pin To Net: Unknown Pin: Pin U9-P1
Add Pin To Net: Unknown Pin: Pin U9-P2
Add Pin To Net: Unknown Pin: Pin U9-P3
Added Pin To Net: NetName=NetC7_1 Pin=U10-2
Added Pin To Net: NetName=NetC6_1 Pin=U10-3
Added Pin To Net: NetName=NetC7_1 Pin=X1-1
Added Pin To Net: NetName=NetC6_1 Pin=X1-2
Added Member To Class: ClassName=FT4232 Member=Component C6 33pF
Added Member To Class: ClassName=FT4232 Member=Component C7 33pF
Added Member To Class: ClassName=FT4232 Member=Component X1 12MHz
